{"uuid":"77e830f8-7696-4faa-96bd-08dd0931ea4d","name":"Surefire test","children":["4247f383-e67e-4dcd-8391-1492be21fb0f","99de1855-65b8-471f-83cc-991551753ee1","14d49f03-3f71-4094-8c37-850b05974e9a","bba50b5d-a2bf-4e31-90d1-70eeea658edb","1b4457e6-3dff-43f6-b1dc-57dcfe586ea5","e8862812-02d4-4761-9af5-c834c28684bf","35aa3838-8904-47ca-bfa4-9bcc9ef71b6f"],"befores":[{"name":"setUp","status":"broken","statusDetails":{"known":false,"muted":false,"flaky":false,"message":"Could not start a new session. Possible causes are invalid address of the remote server or browser start-up failure. \nHost info: host: 'users-MacBook-Pro.local', ip: '2601:197:b80:37e0:0:0:0:83ae%en0'","trace":"org.openqa.selenium.SessionNotCreatedException: Could not start a new session. Possible causes are invalid address of the remote server or browser start-up failure. \nHost info: host: 'users-MacBook-Pro.local', ip: '2601:197:b80:37e0:0:0:0:83ae%en0'\n\tat org.openqa.selenium.remote.RemoteWebDriver.execute(RemoteWebDriver.java:559)\n\tat org.openqa.selenium.remote.RemoteWebDriver.startSession(RemoteWebDriver.java:242)\n\tat org.openqa.selenium.remote.RemoteWebDriver.<init>(RemoteWebDriver.java:157)\n\tat org.openqa.selenium.chromium.ChromiumDriver.<init>(ChromiumDriver.java:101)\n\tat org.openqa.selenium.chrome.ChromeDriver.<init>(ChromeDriver.java:81)\n\tat org.openqa.selenium.chrome.ChromeDriver.<init>(ChromeDriver.java:70)\n\tat testPackage.Test01.setUp(Test01.java:270)\n\tat java.base/jdk.internal.reflect.DirectMethodHandleAccessor.invoke(DirectMethodHandleAccessor.java:103)\n\tat java.base/java.lang.reflect.Method.invoke(Method.java:580)\n\tat org.testng.internal.invokers.MethodInvocationHelper.invokeMethod(MethodInvocationHelper.java:136)\n\tat org.testng.internal.invokers.MethodInvocationHelper.invokeMethodConsideringTimeout(MethodInvocationHelper.java:65)\n\tat org.testng.internal.invokers.ConfigInvoker.invokeConfigurationMethod(ConfigInvoker.java:381)\n\tat org.testng.internal.invokers.ConfigInvoker.invokeConfigurations(ConfigInvoker.java:319)\n\tat org.testng.TestRunner.invokeTestConfigurations(TestRunner.java:645)\n\tat org.testng.TestRunner.beforeRun(TestRunner.java:634)\n\tat org.testng.TestRunner.run(TestRunner.java:596)\n\tat org.testng.SuiteRunner.runTest(SuiteRunner.java:429)\n\tat org.testng.SuiteRunner.runSequentially(SuiteRunner.java:423)\n\tat org.testng.SuiteRunner.privateRun(SuiteRunner.java:383)\n\tat org.testng.SuiteRunner.run(SuiteRunner.java:326)\n\tat org.testng.SuiteRunnerWorker.runSuite(SuiteRunnerWorker.java:52)\n\tat org.testng.SuiteRunnerWorker.run(SuiteRunnerWorker.java:95)\n\tat org.testng.TestNG.runSuitesSequentially(TestNG.java:1249)\n\tat org.testng.TestNG.runSuitesLocally(TestNG.java:1169)\n\tat org.testng.TestNG.runSuites(TestNG.java:1092)\n\tat org.testng.TestNG.run(TestNG.java:1060)\n\tat org.apache.maven.surefire.testng.TestNGExecutor.run(TestNGExecutor.java:155)\n\tat org.apache.maven.surefire.testng.TestNGDirectoryTestSuite.executeMulti(TestNGDirectoryTestSuite.java:169)\n\tat org.apache.maven.surefire.testng.TestNGDirectoryTestSuite.execute(TestNGDirectoryTestSuite.java:88)\n\tat org.apache.maven.surefire.testng.TestNGProvider.invoke(TestNGProvider.java:137)\n\tat org.apache.maven.surefire.booter.ForkedBooter.runSuitesInProcess(ForkedBooter.java:385)\n\tat org.apache.maven.surefire.booter.ForkedBooter.execute(ForkedBooter.java:162)\n\tat org.apache.maven.surefire.booter.ForkedBooter.run(ForkedBooter.java:507)\n\tat org.apache.maven.surefire.booter.ForkedBooter.main(ForkedBooter.java:495)\nCaused by: org.openqa.selenium.WebDriverException: Driver server process died prematurely.\nBuild info: version: '4.6.0', revision: '79f1c02ae20'\nSystem info: os.name: 'Mac OS X', os.arch: 'x86_64', os.version: '14.5', java.version: '21.0.5'\nDriver info: driver.version: ChromeDriver\n\tat org.openqa.selenium.remote.service.DriverService.start(DriverService.java:239)\n\tat org.openqa.selenium.remote.service.DriverCommandExecutor.execute(DriverCommandExecutor.java:98)\n\tat org.openqa.selenium.remote.RemoteWebDriver.execute(RemoteWebDriver.java:541)\n\t... 33 more\n"},"stage":"finished","description":"","steps":[],"attachments":[],"parameters":[],"start":1730939656963,"stop":1730939667416}],"afters":[{"name":"tearDown","status":"broken","stage":"finished","description":"","steps":[],"attachments":[],"parameters":[],"start":1730939672562,"stop":1730939672562}],"start":1730939656951,"stop":1730939672563}